17:41:44.163 [main] INFO  com.example.demo.DemoApplication - Starting DemoApplication using Java 1.8.0_111 on DESKTOP-VJNI4VB with PID 6612 (C:\Users\Carlos Miranda\Documents\KaizenTI\demo\demo\target\classes started by Carlos Miranda in C:\Users\Carlos Miranda\Documents\KaizenTI\demo\demo)
17:41:44.169 [main] INFO  com.example.demo.DemoApplication - No active profile set, falling back to default profiles: default
17:41:44.636 [main] INFO  org.springframework.data.repository.config.RepositoryConfigurationDelegate - Bootstrapping Spring Data JPA repositories in DEFAULT mode.
17:41:44.675 [main] INFO  org.springframework.data.repository.config.RepositoryConfigurationDelegate - Finished Spring Data repository scanning in 32 ms. Found 1 JPA repository interfaces.
17:41:45.216 [main] INFO  org.springframework.boot.web.embedded.tomcat.TomcatWebServer - Tomcat initialized with port(s): 8080 (http)
17:41:45.309 [main] INFO  org.springframework.boot.web.servlet.context.ServletWebServerApplicationContext - Root WebApplicationContext: initialization completed in 1082 ms
17:41:45.615 [main] INFO  org.hibernate.jpa.internal.util.LogHelper - HHH000204: Processing PersistenceUnitInfo [name: default]
17:41:45.653 [main] INFO  org.hibernate.Version - HHH000412: Hibernate ORM core version 5.4.30.Final
17:41:45.760 [main] INFO  org.hibernate.annotations.common.Version - HCANN000001: Hibernate Commons Annotations {5.1.2.Final}
17:41:45.858 [main] INFO  org.hibernate.dialect.Dialect - HHH000400: Using dialect: org.hibernate.dialect.H2Dialect
17:41:46.290 [main] INFO  org.hibernate.engine.transaction.jta.platform.internal.JtaPlatformInitiator - HHH000490: Using JtaPlatform implementation: [org.hibernate.engine.transaction.jta.platform.internal.NoJtaPlatform]
17:41:46.297 [main] INFO  org.springframework.orm.jpa.LocalContainerEntityManagerFactoryBean - Initialized JPA EntityManagerFactory for persistence unit 'default'
17:41:46.510 [main] WARN  org.springframework.boot.autoconfigure.orm.jpa.JpaBaseConfiguration$JpaWebConfiguration - spring.jpa.open-in-view is enabled by default. Therefore, database queries may be performed during view rendering. Explicitly configure spring.jpa.open-in-view to disable this warning
17:41:46.586 [main] INFO  org.springframework.scheduling.concurrent.ThreadPoolTaskExecutor - Initializing ExecutorService 'applicationTaskExecutor'
17:41:46.747 [main] INFO  org.springframework.boot.web.embedded.tomcat.TomcatWebServer - Tomcat started on port(s): 8080 (http) with context path ''
17:41:46.754 [main] INFO  com.example.demo.DemoApplication - Started DemoApplication in 2.838 seconds (JVM running for 3.464)
17:42:16.527 [main] INFO  com.example.demo.DemoApplication - Starting DemoApplication using Java 1.8.0_111 on DESKTOP-VJNI4VB with PID 13788 (C:\Users\Carlos Miranda\Documents\KaizenTI\demo\demo\target\classes started by Carlos Miranda in C:\Users\Carlos Miranda\Documents\KaizenTI\demo\demo)
17:42:16.535 [main] INFO  com.example.demo.DemoApplication - No active profile set, falling back to default profiles: default
17:42:16.996 [main] INFO  org.springframework.data.repository.config.RepositoryConfigurationDelegate - Bootstrapping Spring Data JPA repositories in DEFAULT mode.
17:42:17.035 [main] INFO  org.springframework.data.repository.config.RepositoryConfigurationDelegate - Finished Spring Data repository scanning in 31 ms. Found 1 JPA repository interfaces.
17:42:17.583 [main] INFO  org.springframework.boot.web.embedded.tomcat.TomcatWebServer - Tomcat initialized with port(s): 8080 (http)
17:42:17.680 [main] INFO  org.springframework.boot.web.servlet.context.ServletWebServerApplicationContext - Root WebApplicationContext: initialization completed in 1086 ms
17:42:17.987 [main] INFO  org.hibernate.jpa.internal.util.LogHelper - HHH000204: Processing PersistenceUnitInfo [name: default]
17:42:18.029 [main] INFO  org.hibernate.Version - HHH000412: Hibernate ORM core version 5.4.30.Final
17:42:18.139 [main] INFO  org.hibernate.annotations.common.Version - HCANN000001: Hibernate Commons Annotations {5.1.2.Final}
17:42:18.240 [main] INFO  org.hibernate.dialect.Dialect - HHH000400: Using dialect: org.hibernate.dialect.H2Dialect
17:42:18.686 [main] INFO  org.hibernate.engine.transaction.jta.platform.internal.JtaPlatformInitiator - HHH000490: Using JtaPlatform implementation: [org.hibernate.engine.transaction.jta.platform.internal.NoJtaPlatform]
17:42:18.693 [main] INFO  org.springframework.orm.jpa.LocalContainerEntityManagerFactoryBean - Initialized JPA EntityManagerFactory for persistence unit 'default'
17:42:18.924 [main] WARN  org.springframework.boot.autoconfigure.orm.jpa.JpaBaseConfiguration$JpaWebConfiguration - spring.jpa.open-in-view is enabled by default. Therefore, database queries may be performed during view rendering. Explicitly configure spring.jpa.open-in-view to disable this warning
17:42:19.004 [main] INFO  org.springframework.scheduling.concurrent.ThreadPoolTaskExecutor - Initializing ExecutorService 'applicationTaskExecutor'
17:42:19.185 [main] INFO  org.springframework.boot.web.embedded.tomcat.TomcatWebServer - Tomcat started on port(s): 8080 (http) with context path ''
17:42:19.191 [main] INFO  com.example.demo.DemoApplication - Started DemoApplication in 2.912 seconds (JVM running for 3.578)
17:42:21.606 [http-nio-8080-exec-1] INFO  org.springframework.web.servlet.DispatcherServlet - Initializing Servlet 'dispatcherServlet'
17:42:21.607 [http-nio-8080-exec-1] INFO  org.springframework.web.servlet.DispatcherServlet - Completed initialization in 1 ms
17:42:21.631 [http-nio-8080-exec-1] ERROR com.example.demo.controller.Controller - Valor invalido de busqueda: -1
